2026-04-23 17:05:54.338 Please replace `use_container_width` with `width`.

`use_container_width` will be removed after 2025-12-31.

For `width='stretch'`, use `width='stretch'`. For `width='content'`, use `width='content'`.
2026-04-23 17:05:54.910 Please replace `use_container_width` with `width`.

`use_container_width` will be removed after 2025-12-31.

For `width='stretch'`, use `width='stretch'`. For `width='content'`, use `width='content'`.
2026-04-23 17:05:54.916 Please replace `use_container_width` with `width`.

`use_container_width` will be removed after 2025-12-31.

For `width='stretch'`, use `width='stretch'`. For `width='content'`, use `width='content'`.
2026-04-23 17:05:55.038 Please replace `use_container_width` with `width`.

`use_container_width` will be removed after 2025-12-31.

For `width='stretch'`, use `width='stretch'`. For `width='content'`, use `width='content'`.
2026-04-23 17:05:55.041 Please replace `use_container_width` with `width`.

`use_container_width` will be removed after 2025-12-31.

For `width='stretch'`, use `width='stretch'`. For `width='content'`, use `width='content'`.
2026-04-23 17:06:30.367 Please replace `use_container_width` with `width`.

`use_container_width` will be removed after 2025-12-31.

For `width='stretch'`, use `width='stretch'`. For `width='content'`, use `width='content'`.
2026-04-23 17:06:30.394 Please replace `use_container_width` with `width`.

`use_container_width` will be removed after 2025-12-31.

For `width='stretch'`, use `width='stretch'`. For `width='content'`, use `width='content'`.
2026-04-23 17:06:30.407 Please replace `use_container_width` with `width`.

`use_container_width` will be removed after 2025-12-31.

For `width='stretch'`, use `width='stretch'`. For `width='content'`, use `width='content'`.
2026-04-23 17:06:50.538 Please replace `use_container_width` with `width`.

`use_container_width` will be removed after 2025-12-31.

For `width='stretch'`, use `width='stretch'`. For `width='content'`, use `width='content'`.
2026-04-23 17:06:50.726 Please replace `use_container_width` with `width`.

`use_container_width` will be removed after 2025-12-31.

For `width='stretch'`, use `width='stretch'`. For `width='content'`, use `width='content'`.
2026-04-23 17:06:50.731 Please replace `use_container_width` with `width`.

`use_container_width` will be removed after 2025-12-31.

For `width='stretch'`, use `width='stretch'`. For `width='content'`, use `width='content'`.
2026-04-23 17:06:50.790 Please replace `use_container_width` with `width`.

`use_container_width` will be removed after 2025-12-31.

For `width='stretch'`, use `width='stretch'`. For `width='content'`, use `width='content'`.
2026-04-23 17:06:50.796 Please replace `use_container_width` with `width`.

`use_container_width` will be removed after 2025-12-31.

For `width='stretch'`, use `width='stretch'`. For `width='content'`, use `width='content'`.
2026-04-23 17:07:13.436 Please replace `use_container_width` with `width`.

`use_container_width` will be removed after 2025-12-31.

For `width='stretch'`, use `width='stretch'`. For `width='content'`, use `width='content'`.
2026-04-23 17:07:13.492 Please replace `use_container_width` with `width`.

`use_container_width` will be removed after 2025-12-31.

For `width='stretch'`, use `width='stretch'`. For `width='content'`, use `width='content'`.
2026-04-23 17:07:13.506 Please replace `use_container_width` with `width`.

`use_container_width` will be removed after 2025-12-31.

For `width='stretch'`, use `width='stretch'`. For `width='content'`, use `width='content'`.
2026-04-23 17:07:13.512 Please replace `use_container_width` with `width`.

`use_container_width` will be removed after 2025-12-31.

For `width='stretch'`, use `width='stretch'`. For `width='content'`, use `width='content'`.
2026-04-23 17:08:35.747 Please replace `use_container_width` with `width`.

`use_container_width` will be removed after 2025-12-31.

For `width='stretch'`, use `width='stretch'`. For `width='content'`, use `width='content'`.
2026-04-23 17:08:35.813 Please replace `use_container_width` with `width`.

`use_container_width` will be removed after 2025-12-31.

For `width='stretch'`, use `width='stretch'`. For `width='content'`, use `width='content'`.
2026-04-23 17:08:37.021 Please replace `use_container_width` with `width`.

`use_container_width` will be removed after 2025-12-31.

For `width='stretch'`, use `width='stretch'`. For `width='content'`, use `width='content'`.
2026-04-23 17:08:37.119 Please replace `use_container_width` with `width`.

`use_container_width` will be removed after 2025-12-31.

For `width='stretch'`, use `width='stretch'`. For `width='content'`, use `width='content'`.
2026-04-23 17:08:37.123 Please replace `use_container_width` with `width`.

`use_container_width` will be removed after 2025-12-31.

For `width='stretch'`, use `width='stretch'`. For `width='content'`, use `width='content'`.
2026-04-23 17:08:44.363 Please replace `use_container_width` with `width`.

`use_container_width` will be removed after 2025-12-31.

For `width='stretch'`, use `width='stretch'`. For `width='content'`, use `width='content'`.
2026-04-23 17:08:44.367 Please replace `use_container_width` with `width`.

`use_container_width` will be removed after 2025-12-31.

For `width='stretch'`, use `width='stretch'`. For `width='content'`, use `width='content'`.
2026-04-23 17:09:21.292 Please replace `use_container_width` with `width`.

`use_container_width` will be removed after 2025-12-31.

For `width='stretch'`, use `width='stretch'`. For `width='content'`, use `width='content'`.
2026-04-23 17:09:21.482 Please replace `use_container_width` with `width`.

`use_container_width` will be removed after 2025-12-31.

For `width='stretch'`, use `width='stretch'`. For `width='content'`, use `width='content'`.
2026-04-23 17:09:21.487 Please replace `use_container_width` with `width`.

`use_container_width` will be removed after 2025-12-31.

For `width='stretch'`, use `width='stretch'`. For `width='content'`, use `width='content'`.
2026-04-23 17:10:22.949 Please replace `use_container_width` with `width`.

`use_container_width` will be removed after 2025-12-31.

For `width='stretch'`, use `width='stretch'`. For `width='content'`, use `width='content'`.
2026-04-23 17:10:23.259 Please replace `use_container_width` with `width`.

`use_container_width` will be removed after 2025-12-31.

For `width='stretch'`, use `width='stretch'`. For `width='content'`, use `width='content'`.
2026-04-23 17:10:23.362 Please replace `use_container_width` with `width`.

`use_container_width` will be removed after 2025-12-31.

For `width='stretch'`, use `width='stretch'`. For `width='content'`, use `width='content'`.
2026-04-23 17:11:20.680 Please replace `use_container_width` with `width`.

`use_container_width` will be removed after 2025-12-31.

For `width='stretch'`, use `width='stretch'`. For `width='content'`, use `width='content'`.
2026-04-23 17:11:20.853 Please replace `use_container_width` with `width`.

`use_container_width` will be removed after 2025-12-31.

For `width='stretch'`, use `width='stretch'`. For `width='content'`, use `width='content'`.
2026-04-23 17:11:20.876 Please replace `use_container_width` with `width`.

`use_container_width` will be removed after 2025-12-31.

For `width='stretch'`, use `width='stretch'`. For `width='content'`, use `width='content'`.
2026-04-23 17:11:20.879 Please replace `use_container_width` with `width`.

`use_container_width` will be removed after 2025-12-31.

For `width='stretch'`, use `width='stretch'`. For `width='content'`, use `width='content'`.
2026-04-23 17:11:46.581 Please replace `use_container_width` with `width`.

`use_container_width` will be removed after 2025-12-31.

For `width='stretch'`, use `width='stretch'`. For `width='content'`, use `width='content'`.
2026-04-23 17:11:48.626 Please replace `use_container_width` with `width`.

`use_container_width` will be removed after 2025-12-31.

For `width='stretch'`, use `width='stretch'`. For `width='content'`, use `width='content'`.
2026-04-23 17:11:48.674 Please replace `use_container_width` with `width`.

`use_container_width` will be removed after 2025-12-31.

For `width='stretch'`, use `width='stretch'`. For `width='content'`, use `width='content'`.
2026-04-23 17:11:48.683 Uncaught app execution
Traceback (most recent call last):
  File "C:\Users\agard\OneDrive - astecindustries.com\VS Code\pipeline\.venv\Lib\site-packages\pandas\core\ops\array_ops.py", line 220, in _na_arithmetic_op
    result = func(left, right)
  File "C:\Users\agard\OneDrive - astecindustries.com\VS Code\pipeline\.venv\Lib\site-packages\pandas\core\computation\expressions.py", line 243, in evaluate
    return _evaluate(op, op_str, left_op, right_op)  # type: ignore[misc]
  File "C:\Users\agard\OneDrive - astecindustries.com\VS Code\pipeline\.venv\Lib\site-packages\pandas\core\computation\expressions.py", line 74, in _evaluate_standard
    return op(left_op, right_op)
TypeError: unsupported operand type(s) for *: 'decimal.Decimal' and 'float'

During handling of the above exception, another exception occurred:

Traceback (most recent call last):
  File "C:\Users\agard\OneDrive - astecindustries.com\VS Code\pipeline\.venv\Lib\site-packages\streamlit\runtime\scriptrunner\exec_code.py", line 129, in exec_func_with_error_handling
    result = func()
  File "C:\Users\agard\OneDrive - astecindustries.com\VS Code\pipeline\.venv\Lib\site-packages\streamlit\runtime\scriptrunner\script_runner.py", line 689, in code_to_exec
    exec(code, module.__dict__)  # noqa: S102
    ~~~~^^^^^^^^^^^^^^^^^^^^^^^
  File "C:\Users\agard\OneDrive - astecindustries.com\VS Code\pipeline\app.py", line 153, in <module>
    pg.run()
    ~~~~~~^^
  File "C:\Users\agard\OneDrive - astecindustries.com\VS Code\pipeline\.venv\Lib\site-packages\streamlit\navigation\page.py", line 490, in run
    exec(code, module.__dict__)  # noqa: S102
    ~~~~^^^^^^^^^^^^^^^^^^^^^^^
  File "C:\Users\agard\OneDrive - astecindustries.com\VS Code\pipeline\pages\10_Sustainability.py", line 159, in <module>
    emit["intensity"] = emit["co2e_kg"] / (emit["distance_km"] * emit["payload_t"] + 1e-6)
                                           ~~~~~~~~~~~~~~~~~~~~^~~~~~~~~~~~~~~~~~~
  File "C:\Users\agard\OneDrive - astecindustries.com\VS Code\pipeline\.venv\Lib\site-packages\pandas\core\ops\common.py", line 85, in new_method
    return method(self, other)
  File "C:\Users\agard\OneDrive - astecindustries.com\VS Code\pipeline\.venv\Lib\site-packages\pandas\core\arraylike.py", line 206, in __mul__
    return self._arith_method(other, operator.mul)
           ~~~~~~~~~~~~~~~~~~^^^^^^^^^^^^^^^^^^^^^
  File "C:\Users\agard\OneDrive - astecindustries.com\VS Code\pipeline\.venv\Lib\site-packages\pandas\core\series.py", line 6751, in _arith_method
    return base.IndexOpsMixin._arith_method(self, other, op)
           ~~~~~~~~~~~~~~~~~~~~~~~~~~~~~~~~^^^^^^^^^^^^^^^^^
  File "C:\Users\agard\OneDrive - astecindustries.com\VS Code\pipeline\.venv\Lib\site-packages\pandas\core\base.py", line 1644, in _arith_method
    result = ops.arithmetic_op(lvalues, rvalues, op)
  File "C:\Users\agard\OneDrive - astecindustries.com\VS Code\pipeline\.venv\Lib\site-packages\pandas\core\ops\array_ops.py", line 289, in arithmetic_op
    res_values = _na_arithmetic_op(left, right, op)  # type: ignore[arg-type]
  File "C:\Users\agard\OneDrive - astecindustries.com\VS Code\pipeline\.venv\Lib\site-packages\pandas\core\ops\array_ops.py", line 229, in _na_arithmetic_op
    result = _masked_arith_op(left, right, op)
  File "C:\Users\agard\OneDrive - astecindustries.com\VS Code\pipeline\.venv\Lib\site-packages\pandas\core\ops\array_ops.py", line 165, in _masked_arith_op
    result[mask] = op(xrav[mask], yrav[mask])
                   ~~^^^^^^^^^^^^^^^^^^^^^^^^
TypeError: unsupported operand type(s) for *: 'decimal.Decimal' and 'float'
2026-04-23 17:12:17.427 Please replace `use_container_width` with `width`.

`use_container_width` will be removed after 2025-12-31.

For `width='stretch'`, use `width='stretch'`. For `width='content'`, use `width='content'`.
2026-04-23 17:12:50.547 Please replace `use_container_width` with `width`.

`use_container_width` will be removed after 2025-12-31.

For `width='stretch'`, use `width='stretch'`. For `width='content'`, use `width='content'`.
2026-04-23 17:13:18.832 Please replace `use_container_width` with `width`.

`use_container_width` will be removed after 2025-12-31.

For `width='stretch'`, use `width='stretch'`. For `width='content'`, use `width='content'`.
2026-04-23 17:13:18.870 Please replace `use_container_width` with `width`.

`use_container_width` will be removed after 2025-12-31.

For `width='stretch'`, use `width='stretch'`. For `width='content'`, use `width='content'`.
2026-04-23 17:13:18.882 Please replace `use_container_width` with `width`.

`use_container_width` will be removed after 2025-12-31.

For `width='stretch'`, use `width='stretch'`. For `width='content'`, use `width='content'`.
2026-04-23 17:13:53.059 Please replace `use_container_width` with `width`.

`use_container_width` will be removed after 2025-12-31.

For `width='stretch'`, use `width='stretch'`. For `width='content'`, use `width='content'`.
2026-04-23 17:13:53.344 Please replace `use_container_width` with `width`.

`use_container_width` will be removed after 2025-12-31.

For `width='stretch'`, use `width='stretch'`. For `width='content'`, use `width='content'`.
2026-04-23 17:13:53.403 Please replace `use_container_width` with `width`.

`use_container_width` will be removed after 2025-12-31.

For `width='stretch'`, use `width='stretch'`. For `width='content'`, use `width='content'`.
2026-04-23 17:13:53.445 Please replace `use_container_width` with `width`.

`use_container_width` will be removed after 2025-12-31.

For `width='stretch'`, use `width='stretch'`. For `width='content'`, use `width='content'`.
2026-04-23 17:13:53.451 Please replace `use_container_width` with `width`.

`use_container_width` will be removed after 2025-12-31.

For `width='stretch'`, use `width='stretch'`. For `width='content'`, use `width='content'`.
2026-04-23 17:13:53.459 Please replace `use_container_width` with `width`.

`use_container_width` will be removed after 2025-12-31.

For `width='stretch'`, use `width='stretch'`. For `width='content'`, use `width='content'`.
C:\Users\agard\OneDrive - astecindustries.com\VS Code\pipeline\.venv\Lib\site-packages\joblib\externals\loky\backend\resource_tracker.py:359: UserWarning: resource_tracker: There appear to be 2 leaked folder objects to clean up at shutdown
  warnings.warn(
C:\Users\agard\OneDrive - astecindustries.com\VS Code\pipeline\.venv\Lib\site-packages\joblib\externals\loky\backend\resource_tracker.py:375: UserWarning: resource_tracker: C:\Users\agard\AppData\Local\Temp\joblib_memmapping_folder_20500_5b240a9d2f23420b99df14da6a4c460c_afbc9840f64c4a249dc71d5f3870e22e: FileNotFoundError(2, 'The system cannot find the file specified')
  warnings.warn(f"resource_tracker: {name}: {e!r}")
C:\Users\agard\OneDrive - astecindustries.com\VS Code\pipeline\.venv\Lib\site-packages\joblib\externals\loky\backend\resource_tracker.py:375: UserWarning: resource_tracker: C:\Users\agard\AppData\Local\Temp\joblib_memmapping_folder_20500_5b240a9d2f23420b99df14da6a4c460c_cd1b60e46d8748b0b726b3fde694c1c0: FileNotFoundError(2, 'The system cannot find the file specified')
  warnings.warn(f"resource_tracker: {name}: {e!r}")
